<?xml version="1.0" encoding="UTF-8"?>
<!-- Generated by org.testng.reporters.JUnitReportReporter -->
<testsuite hostname="Digvijay-SDET-Engg.local" failures="0" tests="1" name="com.platzi.api.platzi_testcases.ProductAPITestSuite" time="4.149" errors="0" timestamp="2024-09-25T14:57:00 IST" skipped="0">
  <testcase classname="com.platzi.api.platzi_testcases.ProductAPITestSuite" name="validateStatusCode" time="4.149"/>
</testsuite> <!-- com.platzi.api.platzi_testcases.ProductAPITestSuite -->
